<html>
<head>
<title>TestNG:  login test</title>
<link href="../testng.css" rel="stylesheet" type="text/css" />
<link href="../my-testng.css" rel="stylesheet" type="text/css" />

<style type="text/css">
.log { display: none;} 
.stack-trace { display: none;} 
</style>
<script type="text/javascript">
<!--
function flip(e) {
  current = e.style.display;
  if (current == 'block') {
    e.style.display = 'none';
    return 0;
  }
  else {
    e.style.display = 'block';
    return 1;
  }
}

function toggleBox(szDivId, elem, msg1, msg2)
{
  var res = -1;  if (document.getElementById) {
    res = flip(document.getElementById(szDivId));
  }
  else if (document.all) {
    // this is the way old msie versions work
    res = flip(document.all[szDivId]);
  }
  if(elem) {
    if(res == 0) elem.innerHTML = msg1; else elem.innerHTML = msg2;
  }

}

function toggleAllBoxes() {
  if (document.getElementsByTagName) {
    d = document.getElementsByTagName('div');
    for (i = 0; i < d.length; i++) {
      if (d[i].className == 'log') {
        flip(d[i]);
      }
    }
  }
}

// -->
</script>

</head>
<body>
<h2 align='center'>login test</h2><table border='1' align="center">
<tr>
<td>Tests passed/Failed/Skipped:</td><td>34/0/1</td>
</tr><tr>
<td>Started on:</td><td>Wed Feb 26 12:20:54 MSK 2020</td>
</tr>
<tr><td>Total time:</td><td>124 seconds (124126 ms)</td>
</tr><tr>
<td>Included groups:</td><td></td>
</tr><tr>
<td>Excluded groups:</td><td></td>
</tr>
</table><p/>
<small><i>(Hover the method name to see the test class name)</i></small><p/>
<table width='100%' border='1' class='invocation-passed'>
<tr><td colspan='4' align='center'><b>PASSED TESTS</b></td></tr>
<tr><td><b>Test method</b></td>
<td width="30%"><b>Exception</b></td>
<td width="10%"><b>Time (seconds)</b></td>
<td><b>Instance</b></td>
</tr>
<tr>
<td title='by.stormnet.web.SettingsTest.addAffilate()'><b>addAffilate</b><br>Test class: by.stormnet.web.SettingsTest</td>
<td></td>
<td>2</td>
<td>by.stormnet.web.SettingsTest@2a3888c1</td></tr>
<tr>
<td title='by.stormnet.web.SettingsTest.addCity()'><b>addCity</b><br>Test class: by.stormnet.web.SettingsTest</td>
<td></td>
<td>1</td>
<td>by.stormnet.web.SettingsTest@2a3888c1</td></tr>
<tr>
<td title='by.stormnet.web.LoanTest.addCommenFromLoan()'><b>addCommenFromLoan</b><br>Test class: by.stormnet.web.LoanTest</td>
<td></td>
<td>1</td>
<td>by.stormnet.web.LoanTest@6c372fe6</td></tr>
<tr>
<td title='by.stormnet.web.CollectionTest.addCommentCollector()'><b>addCommentCollector</b><br>Test class: by.stormnet.web.CollectionTest</td>
<td></td>
<td>4</td>
<td>by.stormnet.web.CollectionTest@58594a11</td></tr>
<tr>
<td title='by.stormnet.web.SettingsTest.addMarketingSettings()'><b>addMarketingSettings</b><br>Test class: by.stormnet.web.SettingsTest</td>
<td></td>
<td>4</td>
<td>by.stormnet.web.SettingsTest@2a3888c1</td></tr>
<tr>
<td title='by.stormnet.web.SettingsTest.addNewAdmin()'><b>addNewAdmin</b><br>Test class: by.stormnet.web.SettingsTest</td>
<td></td>
<td>2</td>
<td>by.stormnet.web.SettingsTest@2a3888c1</td></tr>
<tr>
<td title='by.stormnet.web.SettingsTest.addRegion()'><b>addRegion</b><br>Test class: by.stormnet.web.SettingsTest</td>
<td></td>
<td>1</td>
<td>by.stormnet.web.SettingsTest@2a3888c1</td></tr>
<tr>
<td title='by.stormnet.web.SettingsTest.addRemainder()'><b>addRemainder</b><br>Test class: by.stormnet.web.SettingsTest</td>
<td></td>
<td>1</td>
<td>by.stormnet.web.SettingsTest@2a3888c1</td></tr>
<tr>
<td title='by.stormnet.web.LoanTest.approvalLoanClient()'><b>approvalLoanClient</b><br>Test class: by.stormnet.web.LoanTest</td>
<td></td>
<td>3</td>
<td>by.stormnet.web.LoanTest@6c372fe6</td></tr>
<tr>
<td title='by.stormnet.web.LoanTest.approvalLoanClient()'><b>approvalLoanClient</b><br>Test class: by.stormnet.web.LoanTest</td>
<td></td>
<td>3</td>
<td>by.stormnet.web.LoanTest@6c372fe6</td></tr>
<tr>
<td title='by.stormnet.web.LoanTest.approvalLoanOne()'><b>approvalLoanOne</b><br>Test class: by.stormnet.web.LoanTest</td>
<td></td>
<td>6</td>
<td>by.stormnet.web.LoanTest@6c372fe6</td></tr>
<tr>
<td title='by.stormnet.web.LoanTest.approvalLoanTwo()'><b>approvalLoanTwo</b><br>Test class: by.stormnet.web.LoanTest</td>
<td></td>
<td>5</td>
<td>by.stormnet.web.LoanTest@6c372fe6</td></tr>
<tr>
<td title='by.stormnet.web.CollectionTest.assigmentCollector()'><b>assigmentCollector</b><br>Test class: by.stormnet.web.CollectionTest</td>
<td></td>
<td>3</td>
<td>by.stormnet.web.CollectionTest@58594a11</td></tr>
<tr>
<td title='by.stormnet.web.LoanTest.assigmentVerifier()'><b>assigmentVerifier</b><br>Test class: by.stormnet.web.LoanTest</td>
<td></td>
<td>5</td>
<td>by.stormnet.web.LoanTest@6c372fe6</td></tr>
<tr>
<td title='by.stormnet.web.LoanTest.changeLoanDate()'><b>changeLoanDate</b><br>Test class: by.stormnet.web.LoanTest</td>
<td></td>
<td>1</td>
<td>by.stormnet.web.LoanTest@6c372fe6</td></tr>
<tr>
<td title='by.stormnet.web.LoanTest.closeLoan()'><b>closeLoan</b><br>Test class: by.stormnet.web.LoanTest</td>
<td></td>
<td>1</td>
<td>by.stormnet.web.LoanTest@6c372fe6</td></tr>
<tr>
<td title='by.stormnet.web.LoanTest.errorWorkingLoan()'><b>errorWorkingLoan</b><br>Test class: by.stormnet.web.LoanTest</td>
<td></td>
<td>2</td>
<td>by.stormnet.web.LoanTest@6c372fe6</td></tr>
<tr>
<td title='by.stormnet.web.LoanTest.giveOutLoan()'><b>giveOutLoan</b><br>Test class: by.stormnet.web.LoanTest</td>
<td></td>
<td>3</td>
<td>by.stormnet.web.LoanTest@6c372fe6</td></tr>
<tr>
<td title='by.stormnet.web.LoanTest.incameTest()'><b>incameTest</b><br>Test class: by.stormnet.web.LoanTest</td>
<td></td>
<td>2</td>
<td>by.stormnet.web.LoanTest@6c372fe6</td></tr>
<tr>
<td title='by.stormnet.web.CollectionTest.loanCollectionForLegalExpert()'><b>loanCollectionForLegalExpert</b><br>Test class: by.stormnet.web.CollectionTest</td>
<td></td>
<td>3</td>
<td>by.stormnet.web.CollectionTest@58594a11</td></tr>
<tr>
<td title='by.stormnet.web.CollectionTest.loanCollectionForOutSource()'><b>loanCollectionForOutSource</b><br>Test class: by.stormnet.web.CollectionTest</td>
<td></td>
<td>3</td>
<td>by.stormnet.web.CollectionTest@58594a11</td></tr>
<tr>
<td title='by.stormnet.web.CollectionTest.loanCollectionForSale()'><b>loanCollectionForSale</b><br>Test class: by.stormnet.web.CollectionTest</td>
<td></td>
<td>3</td>
<td>by.stormnet.web.CollectionTest@58594a11</td></tr>
<tr>
<td title='by.stormnet.web.LoanTest.makeOverdue()'><b>makeOverdue</b><br>Test class: by.stormnet.web.LoanTest</td>
<td></td>
<td>1</td>
<td>by.stormnet.web.LoanTest@6c372fe6</td></tr>
<tr>
<td title='api.ApiTest.registrationApiStepFour()'><b>registrationApiStepFour</b><br>Test class: api.ApiTest</td>
<td></td>
<td>2</td>
<td>api.ApiTest@4f74980d</td></tr>
<tr>
<td title='api.ApiTest.registrationApiStepOne()'><b>registrationApiStepOne</b><br>Test class: api.ApiTest</td>
<td></td>
<td>11</td>
<td>api.ApiTest@4f74980d</td></tr>
<tr>
<td title='api.ApiTest.registrationApiStepThree()'><b>registrationApiStepThree</b><br>Test class: api.ApiTest</td>
<td></td>
<td>1</td>
<td>api.ApiTest@4f74980d</td></tr>
<tr>
<td title='api.ApiTest.registrationApiStepTwo()'><b>registrationApiStepTwo</b><br>Test class: api.ApiTest</td>
<td></td>
<td>0</td>
<td>api.ApiTest@4f74980d</td></tr>
<tr>
<td title='by.stormnet.web.RegistrationFrontTest.registrationStepFourTest()'><b>registrationStepFourTest</b><br>Test class: by.stormnet.web.RegistrationFrontTest</td>
<td></td>
<td>6</td>
<td>by.stormnet.web.RegistrationFrontTest@68034211</td></tr>
<tr>
<td title='by.stormnet.web.RegistrationFrontTest.registrationStepOneTest()'><b>registrationStepOneTest</b><br>Test class: by.stormnet.web.RegistrationFrontTest</td>
<td></td>
<td>13</td>
<td>by.stormnet.web.RegistrationFrontTest@68034211</td></tr>
<tr>
<td title='by.stormnet.web.RegistrationFrontTest.registrationStepThreeTest()'><b>registrationStepThreeTest</b><br>Test class: by.stormnet.web.RegistrationFrontTest</td>
<td></td>
<td>4</td>
<td>by.stormnet.web.RegistrationFrontTest@68034211</td></tr>
<tr>
<td title='by.stormnet.web.RegistrationFrontTest.registrationStepTwoTest()'><b>registrationStepTwoTest</b><br>Test class: by.stormnet.web.RegistrationFrontTest</td>
<td></td>
<td>3</td>
<td>by.stormnet.web.RegistrationFrontTest@68034211</td></tr>
<tr>
<td title='by.stormnet.web.LoanTest.returnCashFromLoan()'><b>returnCashFromLoan</b><br>Test class: by.stormnet.web.LoanTest</td>
<td></td>
<td>1</td>
<td>by.stormnet.web.LoanTest@6c372fe6</td></tr>
<tr>
<td title='by.stormnet.web.LoanTest.stopCashFromLoan()'><b>stopCashFromLoan</b><br>Test class: by.stormnet.web.LoanTest</td>
<td></td>
<td>0</td>
<td>by.stormnet.web.LoanTest@6c372fe6</td></tr>
<tr>
<td title='by.stormnet.web.LoanTest.stopFromLoan()'><b>stopFromLoan</b><br>Test class: by.stormnet.web.LoanTest</td>
<td></td>
<td>3</td>
<td>by.stormnet.web.LoanTest@6c372fe6</td></tr>
</table><p>
<table width='100%' border='1' class='invocation-skipped'>
<tr><td colspan='4' align='center'><b>SKIPPED TESTS</b></td></tr>
<tr><td><b>Test method</b></td>
<td width="30%"><b>Exception</b></td>
<td width="10%"><b>Time (seconds)</b></td>
<td><b>Instance</b></td>
</tr>
<tr>
<td title='api.ApiTest.registrationApiStepThree()'><b>registrationApiStepThree</b><br>Test class: api.ApiTest</td>
<td><div><pre>java.lang.AssertionError: expected [200] but found [422]
	at org.testng.Assert.fail(Assert.java:97)
	at org.testng.Assert.assertEqualsImpl(Assert.java:136)
	at org.testng.Assert.assertEquals(Assert.java:118)
	at org.testng.Assert.assertEquals(Assert.java:839)
	at org.testng.Assert.assertEquals(Assert.java:849)
	at api.ApiTest.registrationApiStepThree(ApiTest.java:130)
	at sun.reflect.NativeMethodAccessorImpl.invoke0(Native Method)
	at sun.reflect.NativeMethodAccessorImpl.invoke(NativeMethodAccessorImpl.java:62)
	at sun.reflect.DelegatingMethodAccessorImpl.invoke(DelegatingMethodAccessorImpl.java:43)
	at java.lang.reflect.Method.invoke(Method.java:498)
	at org.testng.internal.MethodInvocationHelper.invokeMethod(MethodInvocationHelper.java:133)
	at org.testng.internal.TestInvoker.invokeMethod(TestInvoker.java:584)
	at org.testng.internal.TestInvoker.invokeTestMethod(TestInvoker.java:172)
	at org.testng.internal.MethodRunner.runInSequence(MethodRunner.java:46)
	at org.testng.internal.TestInvoker$MethodInvocationAgent.invoke(TestInvoker.java:804)
	at org.testng.internal.TestInvoker.invokeTestMethods(TestInvoker.java:145)
	at org.testng.internal.TestMethodWorker.invokeTestMethods(TestMethodWorker.java:146)
	at org.testng.internal.TestMethodWorker.run(TestMethodWorker.java:128)
	at java.util.ArrayList.forEach(ArrayList.java:1257)
	at org.testng.TestRunner.privateRun(TestRunner.java:770)
	at org.testng.TestRunner.run(TestRunner.java:591)
	at org.testng.SuiteRunner.runTest(SuiteRunner.java:402)
	at org.testng.SuiteRunner.runSequentially(SuiteRunner.java:396)
	at org.testng.SuiteRunner.privateRun(SuiteRunner.java:355)
	at org.testng.SuiteRunner.run(SuiteRunner.java:304)
	at org.testng.SuiteRunnerWorker.runSuite(SuiteRunnerWorker.java:53)
	at org.testng.SuiteRunnerWorker.run(SuiteRunnerWorker.java:96)
	at org.testng.TestNG.runSuitesSequentially(TestNG.java:1180)
	at org.testng.TestNG.runSuitesLocally(TestNG.java:1102)
	at org.testng.TestNG.runSuites(TestNG.java:1032)
	at org.testng.TestNG.run(TestNG.java:1000)
	at org.apache.maven.surefire.testng.TestNGExecutor.run(TestNGExecutor.java:283)
	at org.apache.maven.surefire.testng.TestNGXmlTestSuite.execute(TestNGXmlTestSuite.java:75)
	at org.apache.maven.surefire.testng.TestNGProvider.invoke(TestNGProvider.java:120)
	at org.apache.maven.surefire.booter.ForkedBooter.runSuitesInProcess(ForkedBooter.java:377)
	at org.apache.maven.surefire.booter.ForkedBooter.execute(ForkedBooter.java:138)
	at org.apache.maven.surefire.booter.ForkedBooter.run(ForkedBooter.java:465)
	at org.apache.maven.surefire.booter.ForkedBooter.main(ForkedBooter.java:451)
</pre></div><a href='#' onClick='toggleBox("stack-trace440307236", this, "Click to show all stack frames", "Click to hide stack frames")'>Click to show all stack frames</a>
<div class='stack-trace' id='stack-trace440307236'><pre>java.lang.AssertionError: expected [200] but found [422]
	at org.testng.Assert.fail(Assert.java:97)
	at org.testng.Assert.assertEqualsImpl(Assert.java:136)
	at org.testng.Assert.assertEquals(Assert.java:118)
	at org.testng.Assert.assertEquals(Assert.java:839)
	at org.testng.Assert.assertEquals(Assert.java:849)
	at api.ApiTest.registrationApiStepThree(ApiTest.java:130)
	at sun.reflect.NativeMethodAccessorImpl.invoke0(Native Method)
	at sun.reflect.NativeMethodAccessorImpl.invoke(NativeMethodAccessorImpl.java:62)
	at sun.reflect.DelegatingMethodAccessorImpl.invoke(DelegatingMethodAccessorImpl.java:43)
	at java.lang.reflect.Method.invoke(Method.java:498)
	at org.testng.internal.MethodInvocationHelper.invokeMethod(MethodInvocationHelper.java:133)
	at org.testng.internal.TestInvoker.invokeMethod(TestInvoker.java:584)
	at org.testng.internal.TestInvoker.invokeTestMethod(TestInvoker.java:172)
	at org.testng.internal.MethodRunner.runInSequence(MethodRunner.java:46)
	at org.testng.internal.TestInvoker$MethodInvocationAgent.invoke(TestInvoker.java:804)
	at org.testng.internal.TestInvoker.invokeTestMethods(TestInvoker.java:145)
	at org.testng.internal.TestMethodWorker.invokeTestMethods(TestMethodWorker.java:146)
	at org.testng.internal.TestMethodWorker.run(TestMethodWorker.java:128)
	at java.util.ArrayList.forEach(ArrayList.java:1257)
	at org.testng.TestRunner.privateRun(TestRunner.java:770)
	at org.testng.TestRunner.run(TestRunner.java:591)
	at org.testng.SuiteRunner.runTest(SuiteRunner.java:402)
	at org.testng.SuiteRunner.runSequentially(SuiteRunner.java:396)
	at org.testng.SuiteRunner.privateRun(SuiteRunner.java:355)
	at org.testng.SuiteRunner.run(SuiteRunner.java:304)
	at org.testng.SuiteRunnerWorker.runSuite(SuiteRunnerWorker.java:53)
	at org.testng.SuiteRunnerWorker.run(SuiteRunnerWorker.java:96)
	at org.testng.TestNG.runSuitesSequentially(TestNG.java:1180)
	at org.testng.TestNG.runSuitesLocally(TestNG.java:1102)
	at org.testng.TestNG.runSuites(TestNG.java:1032)
	at org.testng.TestNG.run(TestNG.java:1000)
	at org.apache.maven.surefire.testng.TestNGExecutor.run(TestNGExecutor.java:283)
	at org.apache.maven.surefire.testng.TestNGXmlTestSuite.execute(TestNGXmlTestSuite.java:75)
	at org.apache.maven.surefire.testng.TestNGProvider.invoke(TestNGProvider.java:120)
	at org.apache.maven.surefire.booter.ForkedBooter.runSuitesInProcess(ForkedBooter.java:377)
	at org.apache.maven.surefire.booter.ForkedBooter.execute(ForkedBooter.java:138)
	at org.apache.maven.surefire.booter.ForkedBooter.run(ForkedBooter.java:465)
	at org.apache.maven.surefire.booter.ForkedBooter.main(ForkedBooter.java:451)
</pre></div></td>
<td>1</td>
<td>api.ApiTest@4f74980d</td></tr>
</table><p>
</body>
</html>